<?xml version="1.0" encoding="UTF-8"?>
<testsuites name="Mocha Tests" time="5.982" tests="2" failures="0">
  <testsuite name="Root Suite" timestamp="2018-12-08T02:42:37" tests="0" failures="0" time="0">
  </testsuite>
  <testsuite name="测试" timestamp="2018-12-08T02:42:38" tests="2" failures="0" time="5.982">
    <testcase name="测试 测试是否包含指定文案" time="5.756" classname="测试是否包含指定文案">
    </testcase>
    <testcase name="测试 获取指定元素" time="0.226" classname="获取指定元素">
    </testcase>
  </testsuite>
</testsuites>